2025-08-04 15:41:09,936 - INFO - --- Запуск скрипта обработки чатов ---
2025-08-04 15:41:09,936 - INFO - Загрузка конфигурации из файла: C:\Софт\5ChekLinksHUM\Количество чатов в одном файле.json
2025-08-04 15:41:09,937 - INFO - Размер пачки (chunk_size) установлен: 40
2025-08-04 15:41:09,937 - INFO - Следующий доступный индекс для файла пачки: 1
2025-08-04 15:41:09,937 - INFO - Начинается сбор ссылок из папки: C:\Софт\5ChekLinksHUM\НЕ отработанные
2025-08-04 15:41:09,937 - INFO - Файл «прошли_без_дубликатов.txt»: найдено 17 ссылок
2025-08-04 15:41:09,937 - INFO - Сбор ссылок завершен. Всего найдено: 17
2025-08-04 15:41:09,937 - INFO - Всего ссылок найдено во всех исходных файлах: 17
2025-08-04 15:41:09,939 - INFO - Файл неполного сбора не найден.
2025-08-04 15:41:09,939 - INFO - Обновлен файл неполного сбора: 'C:\Софт\5ChekLinksHUM\НЕ ПОЛНЫЕ СОБИРАЮТСЯ\сбор17.txt'. Текущее количество: 17.
2025-08-04 15:41:09,939 - INFO - Остаток из 17 ссылок добавлен в файл неполного сбора.
2025-08-04 15:41:09,939 - INFO - Попытка обработки накопленных неполных ссылок...
2025-08-04 15:41:09,945 - INFO - Найден существующий файл неполного сбора: 'C:\Софт\5ChekLinksHUM\НЕ ПОЛНЫЕ СОБИРАЮТСЯ\сбор17.txt' с 17 ссылками.
2025-08-04 15:41:09,945 - INFO - В файле неполного сбора 'C:\Софт\5ChekLinksHUM\НЕ ПОЛНЫЕ СОБИРАЮТСЯ\сбор17.txt' найдено 17 ссылок.
2025-08-04 15:41:09,945 - INFO - Недостаточно ссылок (17) в файле неполного сбора для формирования полной пачки (нужно 40).
2025-08-04 15:41:09,945 - INFO - Недостаточно неполных ссылок для формирования полноценной пачки на текущий момент.
2025-08-04 15:41:09,945 - INFO - Найден существующий файл неполного сбора: 'C:\Софт\5ChekLinksHUM\НЕ ПОЛНЫЕ СОБИРАЮТСЯ\сбор17.txt' с 17 ссылками.
2025-08-04 15:41:09,945 - INFO - --- Обработка завершена --- \u2705
2025-08-04 15:50:15,708 - INFO - --- Запуск скрипта обработки чатов ---
2025-08-04 15:50:15,708 - INFO - Загрузка конфигурации из файла: C:\Софт\5ChekLinksHUM\Количество чатов в одном файле.json
2025-08-04 15:50:15,708 - INFO - Размер пачки (chunk_size) установлен: 40
2025-08-04 15:50:15,708 - INFO - Следующий доступный индекс для файла пачки: 1
2025-08-04 15:50:15,708 - INFO - Начинается сбор ссылок из папки: C:\Софт\5ChekLinksHUM\НЕ отработанные
2025-08-04 15:50:15,708 - INFO - Файл «прошли_без_дубликатов.txt»: найдено 127 ссылок
2025-08-04 15:50:15,708 - INFO - Сбор ссылок завершен. Всего найдено: 127
2025-08-04 15:50:15,708 - INFO - Всего ссылок найдено во всех исходных файлах: 127
2025-08-04 15:50:15,708 - INFO - Создан файл пачки: 'links_1.txt' в папке 'C:\Софт\5ChekLinksHUM\Чаты по пачкам'. Содержит 40 ссылок.
2025-08-04 15:50:15,708 - INFO - Новая полная пачка №1 сохранена.
2025-08-04 15:50:15,708 - INFO - Создан файл пачки: 'links_2.txt' в папке 'C:\Софт\5ChekLinksHUM\Чаты по пачкам'. Содержит 40 ссылок.
2025-08-04 15:50:15,708 - INFO - Новая полная пачка №2 сохранена.
2025-08-04 15:50:15,708 - INFO - Создан файл пачки: 'links_3.txt' в папке 'C:\Софт\5ChekLinksHUM\Чаты по пачкам'. Содержит 40 ссылок.
2025-08-04 15:50:15,708 - INFO - Новая полная пачка №3 сохранена.
2025-08-04 15:50:15,708 - INFO - Файл неполного сбора не найден.
2025-08-04 15:50:15,708 - INFO - Обновлен файл неполного сбора: 'C:\Софт\5ChekLinksHUM\НЕ ПОЛНЫЕ СОБИРАЮТСЯ\сбор7.txt'. Текущее количество: 7.
2025-08-04 15:50:15,708 - INFO - Остаток из 7 ссылок добавлен в файл неполного сбора.
2025-08-04 15:50:15,708 - INFO - Попытка обработки накопленных неполных ссылок...
2025-08-04 15:50:15,708 - INFO - Найден существующий файл неполного сбора: 'C:\Софт\5ChekLinksHUM\НЕ ПОЛНЫЕ СОБИРАЮТСЯ\сбор7.txt' с 7 ссылками.
2025-08-04 15:50:15,708 - INFO - В файле неполного сбора 'C:\Софт\5ChekLinksHUM\НЕ ПОЛНЫЕ СОБИРАЮТСЯ\сбор7.txt' найдено 7 ссылок.
2025-08-04 15:50:15,708 - INFO - Недостаточно ссылок (7) в файле неполного сбора для формирования полной пачки (нужно 40).
2025-08-04 15:50:15,708 - INFO - Недостаточно неполных ссылок для формирования полноценной пачки на текущий момент.
2025-08-04 15:50:15,708 - INFO - Найден существующий файл неполного сбора: 'C:\Софт\5ChekLinksHUM\НЕ ПОЛНЫЕ СОБИРАЮТСЯ\сбор7.txt' с 7 ссылками.
2025-08-04 15:50:15,708 - INFO - --- Обработка завершена --- \u2705
2025-08-04 16:30:28,044 - INFO - --- Запуск скрипта обработки чатов ---
2025-08-04 16:30:28,044 - INFO - Загрузка конфигурации из файла: C:\Софт\5ChekLinksHUM\Количество чатов в одном файле.json
2025-08-04 16:30:28,045 - INFO - Размер пачки (chunk_size) установлен: 40
2025-08-04 16:30:28,045 - INFO - Следующий доступный индекс для файла пачки: 1
2025-08-04 16:30:28,045 - INFO - Начинается сбор ссылок из папки: C:\Софт\5ChekLinksHUM\НЕ отработанные
2025-08-04 16:30:28,045 - INFO - Файл «прошли_без_дубликатов.txt»: найдено 343 ссылок
2025-08-04 16:30:28,045 - INFO - Сбор ссылок завершен. Всего найдено: 343
2025-08-04 16:30:28,045 - INFO - Всего ссылок найдено во всех исходных файлах: 343
2025-08-04 16:30:28,046 - INFO - Создан файл пачки: 'links_1.txt' в папке 'C:\Софт\5ChekLinksHUM\Чаты по пачкам'. Содержит 40 ссылок.
2025-08-04 16:30:28,046 - INFO - Новая полная пачка №1 сохранена.
2025-08-04 16:30:28,046 - INFO - Создан файл пачки: 'links_2.txt' в папке 'C:\Софт\5ChekLinksHUM\Чаты по пачкам'. Содержит 40 ссылок.
2025-08-04 16:30:28,046 - INFO - Новая полная пачка №2 сохранена.
2025-08-04 16:30:28,046 - INFO - Создан файл пачки: 'links_3.txt' в папке 'C:\Софт\5ChekLinksHUM\Чаты по пачкам'. Содержит 40 ссылок.
2025-08-04 16:30:28,046 - INFO - Новая полная пачка №3 сохранена.
2025-08-04 16:30:28,047 - INFO - Создан файл пачки: 'links_4.txt' в папке 'C:\Софт\5ChekLinksHUM\Чаты по пачкам'. Содержит 40 ссылок.
2025-08-04 16:30:28,047 - INFO - Новая полная пачка №4 сохранена.
2025-08-04 16:30:28,047 - INFO - Создан файл пачки: 'links_5.txt' в папке 'C:\Софт\5ChekLinksHUM\Чаты по пачкам'. Содержит 40 ссылок.
2025-08-04 16:30:28,047 - INFO - Новая полная пачка №5 сохранена.
2025-08-04 16:30:28,048 - INFO - Создан файл пачки: 'links_6.txt' в папке 'C:\Софт\5ChekLinksHUM\Чаты по пачкам'. Содержит 40 ссылок.
2025-08-04 16:30:28,048 - INFO - Новая полная пачка №6 сохранена.
2025-08-04 16:30:28,048 - INFO - Создан файл пачки: 'links_7.txt' в папке 'C:\Софт\5ChekLinksHUM\Чаты по пачкам'. Содержит 40 ссылок.
2025-08-04 16:30:28,048 - INFO - Новая полная пачка №7 сохранена.
2025-08-04 16:30:28,048 - INFO - Создан файл пачки: 'links_8.txt' в папке 'C:\Софт\5ChekLinksHUM\Чаты по пачкам'. Содержит 40 ссылок.
2025-08-04 16:30:28,048 - INFO - Новая полная пачка №8 сохранена.
2025-08-04 16:30:28,048 - INFO - Файл неполного сбора не найден.
2025-08-04 16:30:28,049 - INFO - Обновлен файл неполного сбора: 'C:\Софт\5ChekLinksHUM\НЕ ПОЛНЫЕ СОБИРАЮТСЯ\сбор23.txt'. Текущее количество: 23.
2025-08-04 16:30:28,049 - INFO - Остаток из 23 ссылок добавлен в файл неполного сбора.
2025-08-04 16:30:28,049 - INFO - Попытка обработки накопленных неполных ссылок...
2025-08-04 16:30:28,056 - INFO - Найден существующий файл неполного сбора: 'C:\Софт\5ChekLinksHUM\НЕ ПОЛНЫЕ СОБИРАЮТСЯ\сбор23.txt' с 23 ссылками.
2025-08-04 16:30:28,056 - INFO - В файле неполного сбора 'C:\Софт\5ChekLinksHUM\НЕ ПОЛНЫЕ СОБИРАЮТСЯ\сбор23.txt' найдено 23 ссылок.
2025-08-04 16:30:28,056 - INFO - Недостаточно ссылок (23) в файле неполного сбора для формирования полной пачки (нужно 40).
2025-08-04 16:30:28,056 - INFO - Недостаточно неполных ссылок для формирования полноценной пачки на текущий момент.
2025-08-04 16:30:28,056 - INFO - Найден существующий файл неполного сбора: 'C:\Софт\5ChekLinksHUM\НЕ ПОЛНЫЕ СОБИРАЮТСЯ\сбор23.txt' с 23 ссылками.
2025-08-04 16:30:28,057 - INFO - --- Обработка завершена --- \u2705
